d:\github\gp3\gp3\release\vc141.pdb
d:\github\gp3\gp3\release\staticmodel.obj
d:\github\gp3\gp3\release\input.obj
d:\github\gp3\gp3\release\cameraplaceholder.obj
d:\github\gp3\gp3\release\audio.obj
d:\github\gp3\gp3\release\texture.obj
d:\github\gp3\gp3\release\shader.obj
d:\github\gp3\gp3\release\scenemanager.obj
d:\github\gp3\gp3\release\scene.obj
d:\github\gp3\gp3\release\obj_loader.obj
d:\github\gp3\gp3\release\model.obj
d:\github\gp3\gp3\release\mesh.obj
d:\github\gp3\gp3\release\maingame.obj
d:\github\gp3\gp3\release\main.obj
d:\github\gp3\gp3\release\display.obj
d:\github\gp3\release\gp3.ipdb
d:\github\gp3\release\gp3.iobj
d:\github\gp3\release\gp3.exe
d:\github\gp3\release\gp3.pdb
d:\github\gp3\gp3\release\gp3.tlog\cl.command.1.tlog
d:\github\gp3\gp3\release\gp3.tlog\cl.read.1.tlog
d:\github\gp3\gp3\release\gp3.tlog\cl.write.1.tlog
d:\github\gp3\gp3\release\gp3.tlog\gp3.write.1u.tlog
d:\github\gp3\gp3\release\gp3.tlog\link.command.1.tlog
d:\github\gp3\gp3\release\gp3.tlog\link.read.1.tlog
d:\github\gp3\gp3\release\gp3.tlog\link.write.1.tlog
